execve("./istty2", ["./istty2"], 0x7fffde5337b0 /* 73 vars */) = 0
brk(NULL)                               = 0x563ee95ab000
mmap(NULL, 8192, PROT_READ|PROT_WRITE, MAP_PRIVATE|MAP_ANONYMOUS, -1, 0) = 0x7fa13d2fe000
access("/etc/ld.so.preload", R_OK)      = -1 ENOENT (No such file or directory)
openat(AT_FDCWD, "/etc/ld.so.cache", O_RDONLY|O_CLOEXEC) = 3
fstat(3, {st_mode=S_IFREG|0644, st_size=120975, ...}) = 0
mmap(NULL, 120975, PROT_READ, MAP_PRIVATE, 3, 0) = 0x7fa13d2e0000
close(3)                                = 0
openat(AT_FDCWD, "/usr/lib/x86_64-linux-gnu/libc.so.6", O_RDONLY|O_CLOEXEC) = 3
read(3, "\177ELF\2\1\1\3\0\0\0\0\0\0\0\0\3\0>\0\1\0\0\0000\241\2\0\0\0\0\0"..., 832) = 832
pread64(3, "\6\0\0\0\4\0\0\0@\0\0\0\0\0\0\0@\0\0\0\0\0\0\0@\0\0\0\0\0\0\0"..., 840, 64) = 840
fstat(3, {st_mode=S_IFREG|0755, st_size=2014472, ...}) = 0
pread64(3, "\6\0\0\0\4\0\0\0@\0\0\0\0\0\0\0@\0\0\0\0\0\0\0@\0\0\0\0\0\0\0"..., 840, 64) = 840
mmap(NULL, 2055760, PROT_READ, MAP_PRIVATE|MAP_DENYWRITE, 3, 0) = 0x7fa13d0ea000
mmap(0x7fa13d112000, 1474560, PROT_READ|PROT_EXEC, MAP_PRIVATE|MAP_FIXED|MAP_DENYWRITE, 3, 0x28000) = 0x7fa13d112000
mmap(0x7fa13d27a000, 339968, PROT_READ, MAP_PRIVATE|MAP_FIXED|MAP_DENYWRITE, 3, 0x190000) = 0x7fa13d27a000
mmap(0x7fa13d2cd000, 24576, PROT_READ|PROT_WRITE, MAP_PRIVATE|MAP_FIXED|MAP_DENYWRITE, 3, 0x1e3000) = 0x7fa13d2cd000
mmap(0x7fa13d2d3000, 52816, PROT_READ|PROT_WRITE, MAP_PRIVATE|MAP_FIXED|MAP_ANONYMOUS, -1, 0) = 0x7fa13d2d3000
close(3)                                = 0
mmap(NULL, 12288, PROT_READ|PROT_WRITE, MAP_PRIVATE|MAP_ANONYMOUS, -1, 0) = 0x7fa13d0e7000
arch_prctl(ARCH_SET_FS, 0x7fa13d0e7740) = 0
set_tid_address(0x7fa13d0e7a10)         = 33761
set_robust_list(0x7fa13d0e7a20, 24)     = 0
rseq(0x7fa13d0e7680, 0x20, 0, 0x53053053) = 0
mprotect(0x7fa13d2cd000, 16384, PROT_READ) = 0
mprotect(0x563ebba6c000, 4096, PROT_READ) = 0
mprotect(0x7fa13d33c000, 8192, PROT_READ) = 0
prlimit64(0, RLIMIT_STACK, NULL, {rlim_cur=8192*1024, rlim_max=RLIM64_INFINITY}) = 0
getrandom("\x11\x63\x4a\x41\xec\x33\xe0\x25", 8, GRND_NONBLOCK) = 8
munmap(0x7fa13d2e0000, 120975)          = 0
ioctl(0, TCGETS2, {c_iflag=BRKINT|ICRNL|IXON|IXANY|IMAXBEL|IUTF8, c_oflag=NL0|CR0|TAB0|BS0|VT0|FF0|OPOST|ONLCR, c_cflag=B38400|CS8|CREAD|HUPCL, c_lflag=ISIG|ICANON|ECHO|ECHOE|ECHOK|IEXTEN|ECHOCTL|ECHOKE, ...}) = 0
fstat(1, {st_mode=S_IFREG|0664, st_size=2348, ...}) = 0
brk(NULL)                               = 0x563ee95ab000
brk(0x563ee95cd000)                     = 0x563ee95cd000
ioctl(1, TCGETS2, 0x7fff44ba6040)       = -1 ENOTTY (Inappropriate ioctl for device)
ioctl(2, TCGETS2, 0x7fff44ba6040)       = -1 ENOTTY (Inappropriate ioctl for device)
openat(AT_FDCWD, "./file.txt", O_RDONLY) = 3
ioctl(3, TCGETS2, 0x7fff44ba6040)       = -1 ENOTTY (Inappropriate ioctl for device)
write(1, "\nFD 0 is a terminal\nFD 1 is NOT "..., 88
FD 0 is a terminal
FD 1 is NOT a terminal
FD 2 is NOT a terminal
FD 3 is NOT a terminal) = 88
exit_group(0)                           = ?
+++ exited with 0 +++
